0 info it worked if it ends with ok
1 verbose cli [ '/Users/eduardo/.nvm/versions/node/v6.3.1/bin/node',
1 verbose cli   '/Users/eduardo/.nvm/versions/node/v6.3.1/bin/npm',
1 verbose cli   'run',
1 verbose cli   'fix' ]
2 info using npm@3.10.3
3 info using node@v6.3.1
4 verbose run-script [ 'prefix', 'fix', 'postfix' ]
5 info lifecycle webchat@0.0.1~prefix: webchat@0.0.1
6 silly lifecycle webchat@0.0.1~prefix: no script for prefix, continuing
7 info lifecycle webchat@0.0.1~fix: webchat@0.0.1
8 verbose lifecycle webchat@0.0.1~fix: unsafe-perm in lifecycle true
9 verbose lifecycle webchat@0.0.1~fix: PATH: /Users/eduardo/.nvm/versions/node/v6.3.1/lib/node_modules/npm/bin/node-gyp-bin:/Users/eduardo/www/Sites/webchat/node_modules/.bin:/Users/eduardo/.nvm/versions/node/v6.3.1/bin:/Users/eduardo/bin/Sencha/Cmd:/Users/eduardo/.nvm/versions/node/v6.3.1/bin:/usr/bin:/bin:/usr/sbin:/sbin:/usr/local/bin:/usr/local/mysql/bin/:/Users/eduardo/.composer/vendor/bin:/usr/local/MacGPG2/bin
10 verbose lifecycle webchat@0.0.1~fix: CWD: /Users/eduardo/www/Sites/webchat
11 silly lifecycle webchat@0.0.1~fix: Args: [ '-c', 'standard --fix' ]
12 silly lifecycle webchat@0.0.1~fix: Returned: code: 1  signal: null
13 info lifecycle webchat@0.0.1~fix: Failed to exec fix script
14 verbose stack Error: webchat@0.0.1 fix: `standard --fix`
14 verbose stack Exit status 1
14 verbose stack     at EventEmitter.<anonymous> (/Users/eduardo/.nvm/versions/node/v6.3.1/lib/node_modules/npm/lib/utils/lifecycle.js:242:16)
14 verbose stack     at emitTwo (events.js:106:13)
14 verbose stack     at EventEmitter.emit (events.js:191:7)
14 verbose stack     at ChildProcess.<anonymous> (/Users/eduardo/.nvm/versions/node/v6.3.1/lib/node_modules/npm/lib/utils/spawn.js:40:14)
14 verbose stack     at emitTwo (events.js:106:13)
14 verbose stack     at ChildProcess.emit (events.js:191:7)
14 verbose stack     at maybeClose (internal/child_process.js:852:16)
14 verbose stack     at Process.ChildProcess._handle.onexit (internal/child_process.js:215:5)
15 verbose pkgid webchat@0.0.1
16 verbose cwd /Users/eduardo/www/Sites/webchat
17 error Darwin 16.5.0
18 error argv "/Users/eduardo/.nvm/versions/node/v6.3.1/bin/node" "/Users/eduardo/.nvm/versions/node/v6.3.1/bin/npm" "run" "fix"
19 error node v6.3.1
20 error npm  v3.10.3
21 error code ELIFECYCLE
22 error webchat@0.0.1 fix: `standard --fix`
22 error Exit status 1
23 error Failed at the webchat@0.0.1 fix script 'standard --fix'.
23 error Make sure you have the latest version of node.js and npm installed.
23 error If you do, this is most likely a problem with the webchat package,
23 error not with npm itself.
23 error Tell the author that this fails on your system:
23 error     standard --fix
23 error You can get information on how to open an issue for this project with:
23 error     npm bugs webchat
23 error Or if that isn't available, you can get their info via:
23 error     npm owner ls webchat
23 error There is likely additional logging output above.
24 verbose exit [ 1, true ]
